<?xml version="1.0" encoding="utf-8"?><testsuites><testsuite errors="0" failures="0" hostname="LAPTOP-NMRRL3F7" name="pytest" skipped="0" tests="3" time="39.556" timestamp="2020-05-31T17:29:52.206357"><testcase classname="test_Homepage.TestTwo" file="test_Homepage.py" line="7" name="test_formSubmission[getData0]" time="20.449"></testcase><testcase classname="test_Homepage.TestTwo" file="test_Homepage.py" line="7" name="test_formSubmission[getData1]" time="1.695"></testcase><testcase classname="test_e2e.TestOne" file="test_e2e.py" line="8" name="test_e2e" time="17.203"></testcase></testsuite></testsuites>